<?xml version="1.0" encoding="UTF-8"?>
<testng-results ignored="0" total="5" passed="5" failed="0" skipped="0">
  <reporter-output>
  </reporter-output>
  <suite started-at="2022-08-07T23:37:58 BST" name="Default suite" finished-at="2022-08-07T23:38:08 BST" duration-ms="9601">
    <groups>
    </groups>
    <test started-at="2022-08-07T23:37:58 BST" name="Default test" finished-at="2022-08-07T23:38:08 BST" duration-ms="9601">
      <class name="getRequest.TestProductCatalogue">
        <test-method signature="testDeletetMethod()[pri:0, instance:getRequest.TestProductCatalogue@503d687a]" started-at="2022-08-07T23:37:59 BST" name="testDeletetMethod" finished-at="2022-08-07T23:38:02 BST" duration-ms="3825" status="PASS">
          <reporter-output>
          </reporter-output>
        </test-method> <!-- testDeletetMethod -->
        <test-method signature="testGetAllMethod()[pri:0, instance:getRequest.TestProductCatalogue@503d687a]" started-at="2022-08-07T23:38:02 BST" name="testGetAllMethod" finished-at="2022-08-07T23:38:04 BST" duration-ms="1938" status="PASS">
          <reporter-output>
          </reporter-output>
        </test-method> <!-- testGetAllMethod -->
        <test-method signature="testGetMethod()[pri:0, instance:getRequest.TestProductCatalogue@503d687a]" started-at="2022-08-07T23:38:04 BST" name="testGetMethod" finished-at="2022-08-07T23:38:05 BST" duration-ms="611" status="PASS">
          <reporter-output>
          </reporter-output>
        </test-method> <!-- testGetMethod -->
        <test-method signature="testPostMethod()[pri:0, instance:getRequest.TestProductCatalogue@503d687a]" started-at="2022-08-07T23:38:05 BST" name="testPostMethod" finished-at="2022-08-07T23:38:06 BST" duration-ms="1340" status="PASS">
          <reporter-output>
          </reporter-output>
        </test-method> <!-- testPostMethod -->
        <test-method signature="testPutMethod()[pri:0, instance:getRequest.TestProductCatalogue@503d687a]" started-at="2022-08-07T23:38:06 BST" name="testPutMethod" finished-at="2022-08-07T23:38:08 BST" duration-ms="1801" status="PASS">
          <reporter-output>
          </reporter-output>
        </test-method> <!-- testPutMethod -->
      </class> <!-- getRequest.TestProductCatalogue -->
    </test> <!-- Default test -->
  </suite> <!-- Default suite -->
</testng-results>
