<?xml version="1.0" encoding="UTF-8"?>
<!-- Generated by org.testng.reporters.JUnitXMLReporter -->
<testsuite ignored="0" hostname="DESKTOP-0BGV61L" failures="0" tests="5" name="Default test" time="9.601" errors="0" timestamp="2022-08-07T23:38:08 BST">
  <testcase classname="getRequest.TestProductCatalogue" name="testDeletetMethod" time="3.825"/>
  <testcase classname="getRequest.TestProductCatalogue" name="testGetAllMethod" time="1.938"/>
  <testcase classname="getRequest.TestProductCatalogue" name="testGetMethod" time="0.611"/>
  <testcase classname="getRequest.TestProductCatalogue" name="testPostMethod" time="1.34"/>
  <testcase classname="getRequest.TestProductCatalogue" name="testPutMethod" time="1.801"/>
</testsuite> <!-- Default test -->
